This is pdfTeX, Version 3.141592653-2.6-1.40.24 (MiKTeX 21.12) (preloaded format=pdflatex 2021.12.24)  28 MAR 2022 00:55
entering extended mode
 restricted \write18 enabled.
 %&-line parsing enabled.
**./main.tex
(main.tex
LaTeX2e <2021-11-15> patch level 1
L3 programming layer <2021-11-22>
(C:\Users\HP\AppData\Local\Programs\MiKTeX\tex/latex/base\article.cls
Document Class: article 2021/10/04 v1.4n Standard LaTeX document class
(C:\Users\HP\AppData\Local\Programs\MiKTeX\tex/latex/base\size12.clo
File: size12.clo 2021/10/04 v1.4n Standard LaTeX file (size option)
)
\c@part=\count183
\c@section=\count184
\c@subsection=\count185
\c@subsubsection=\count186
\c@paragraph=\count187
\c@subparagraph=\count188
\c@figure=\count189
\c@table=\count190
\abovecaptionskip=\skip47
\belowcaptionskip=\skip48
\bibindent=\dimen138
)
(C:\Users\HP\AppData\Local\Programs\MiKTeX\tex/latex/base\inputenc.sty
Package: inputenc 2021/02/14 v1.3d Input encoding file
\inpenc@prehook=\toks16
\inpenc@posthook=\toks17
)
(C:\Users\HP\AppData\Local\Programs\MiKTeX\tex/latex/preprint\authblk.sty
Package: authblk 2001/02/27 1.3 (PWD)
\affilsep=\skip49
\@affilsep=\skip50
\c@Maxaffil=\count191
\c@authors=\count192
\c@affil=\count193
)
(C:\Users\HP\AppData\Local\Programs\MiKTeX\tex/latex/comment\comment.sty
\CommentStream=\write3

Excluding comment 'comment')
(C:\Users\HP\AppData\Local\Programs\MiKTeX\tex/latex/hyphenat\hyphenat.sty
Package: hyphenat 2009/09/02 v2.3c hyphenation utilities
\langwohyphens=\language79
LaTeX Info: Redefining \_ on input line 43.
)
(C:\Users\HP\AppData\Local\Programs\MiKTeX\tex/latex/pgf/frontendlayer\tikz.sty
(C:\Users\HP\AppData\Local\Programs\MiKTeX\tex/latex/pgf/basiclayer\pgf.sty
(C:\Users\HP\AppData\Local\Programs\MiKTeX\tex/latex/pgf/utilities\pgfrcs.sty
(C:\Users\HP\AppData\Local\Programs\MiKTeX\tex/generic/pgf/utilities\pgfutil-co
mmon.tex
\pgfutil@everybye=\toks18
\pgfutil@tempdima=\dimen139
\pgfutil@tempdimb=\dimen140

(C:\Users\HP\AppData\Local\Programs\MiKTeX\tex/generic/pgf/utilities\pgfutil-co
mmon-lists.tex))
(C:\Users\HP\AppData\Local\Programs\MiKTeX\tex/generic/pgf/utilities\pgfutil-la
tex.def
\pgfutil@abb=\box50
)
(C:\Users\HP\AppData\Local\Programs\MiKTeX\tex/generic/pgf/utilities\pgfrcs.cod
e.tex
(C:\Users\HP\AppData\Local\Programs\MiKTeX\tex/generic/pgf\pgf.revision.tex)
Package: pgfrcs 2021/05/15 v3.1.9a (3.1.9a)
))
Package: pgf 2021/05/15 v3.1.9a (3.1.9a)

(C:\Users\HP\AppData\Local\Programs\MiKTeX\tex/latex/pgf/basiclayer\pgfcore.sty
(C:\Users\HP\AppData\Local\Programs\MiKTeX\tex/latex/graphics\graphicx.sty
Package: graphicx 2021/09/16 v1.2d Enhanced LaTeX Graphics (DPC,SPQR)

(C:\Users\HP\AppData\Local\Programs\MiKTeX\tex/latex/graphics\keyval.sty
Package: keyval 2014/10/28 v1.15 key=value parser (DPC)
\KV@toks@=\toks19
)
(C:\Users\HP\AppData\Local\Programs\MiKTeX\tex/latex/graphics\graphics.sty
Package: graphics 2021/03/04 v1.4d Standard LaTeX Graphics (DPC,SPQR)

(C:\Users\HP\AppData\Local\Programs\MiKTeX\tex/latex/graphics\trig.sty
Package: trig 2021/08/11 v1.11 sin cos tan (DPC)
)
(C:\Users\HP\AppData\Local\Programs\MiKTeX\tex/latex/graphics-cfg\graphics.cfg
File: graphics.cfg 2016/06/04 v1.11 sample graphics configuration
)
Package graphics Info: Driver file: pdftex.def on input line 107.
(C:\Users\HP\AppData\Local\Programs\MiKTeX\tex/latex/graphics-def\pdftex.def
File: pdftex.def 2020/10/05 v1.2a Graphics/color driver for pdftex
))
\Gin@req@height=\dimen141
\Gin@req@width=\dimen142
)
(C:\Users\HP\AppData\Local\Programs\MiKTeX\tex/latex/pgf/systemlayer\pgfsys.sty

(C:\Users\HP\AppData\Local\Programs\MiKTeX\tex/generic/pgf/systemlayer\pgfsys.c
ode.tex
Package: pgfsys 2021/05/15 v3.1.9a (3.1.9a)

(C:\Users\HP\AppData\Local\Programs\MiKTeX\tex/generic/pgf/utilities\pgfkeys.co
de.tex
\pgfkeys@pathtoks=\toks20
\pgfkeys@temptoks=\toks21

(C:\Users\HP\AppData\Local\Programs\MiKTeX\tex/generic/pgf/utilities\pgfkeysfil
tered.code.tex
\pgfkeys@tmptoks=\toks22
))
\pgf@x=\dimen143
\pgf@y=\dimen144
\pgf@xa=\dimen145
\pgf@ya=\dimen146
\pgf@xb=\dimen147
\pgf@yb=\dimen148
\pgf@xc=\dimen149
\pgf@yc=\dimen150
\pgf@xd=\dimen151
\pgf@yd=\dimen152
\w@pgf@writea=\write4
\r@pgf@reada=\read2
\c@pgf@counta=\count194
\c@pgf@countb=\count195
\c@pgf@countc=\count196
\c@pgf@countd=\count197
\t@pgf@toka=\toks23
\t@pgf@tokb=\toks24
\t@pgf@tokc=\toks25
\pgf@sys@id@count=\count198

(C:\Users\HP\AppData\Local\Programs\MiKTeX\tex/generic/pgf/systemlayer\pgf.cfg
File: pgf.cfg 2021/05/15 v3.1.9a (3.1.9a)
)
Driver file for pgf: pgfsys-pdftex.def

(C:\Users\HP\AppData\Local\Programs\MiKTeX\tex/generic/pgf/systemlayer\pgfsys-p
dftex.def
File: pgfsys-pdftex.def 2021/05/15 v3.1.9a (3.1.9a)

(C:\Users\HP\AppData\Local\Programs\MiKTeX\tex/generic/pgf/systemlayer\pgfsys-c
ommon-pdf.def
File: pgfsys-common-pdf.def 2021/05/15 v3.1.9a (3.1.9a)
)))
(C:\Users\HP\AppData\Local\Programs\MiKTeX\tex/generic/pgf/systemlayer\pgfsysso
ftpath.code.tex
File: pgfsyssoftpath.code.tex 2021/05/15 v3.1.9a (3.1.9a)
\pgfsyssoftpath@smallbuffer@items=\count199
\pgfsyssoftpath@bigbuffer@items=\count266
)
(C:\Users\HP\AppData\Local\Programs\MiKTeX\tex/generic/pgf/systemlayer\pgfsyspr
otocol.code.tex
File: pgfsysprotocol.code.tex 2021/05/15 v3.1.9a (3.1.9a)
))
(C:\Users\HP\AppData\Local\Programs\MiKTeX\tex/latex/xcolor\xcolor.sty
Package: xcolor 2021/10/31 v2.13 LaTeX color extensions (UK)

(C:\Users\HP\AppData\Local\Programs\MiKTeX\tex/latex/graphics-cfg\color.cfg
File: color.cfg 2016/01/02 v1.6 sample color configuration
)
Package xcolor Info: Driver file: pdftex.def on input line 227.
Package xcolor Info: Model `cmy' substituted by `cmy0' on input line 1352.
Package xcolor Info: Model `hsb' substituted by `rgb' on input line 1356.
Package xcolor Info: Model `RGB' extended on input line 1368.
Package xcolor Info: Model `HTML' substituted by `rgb' on input line 1370.
Package xcolor Info: Model `Hsb' substituted by `hsb' on input line 1371.
Package xcolor Info: Model `tHsb' substituted by `hsb' on input line 1372.
Package xcolor Info: Model `HSB' substituted by `hsb' on input line 1373.
Package xcolor Info: Model `Gray' substituted by `gray' on input line 1374.
Package xcolor Info: Model `wave' substituted by `hsb' on input line 1375.
)
(C:\Users\HP\AppData\Local\Programs\MiKTeX\tex/generic/pgf/basiclayer\pgfcore.c
ode.tex
Package: pgfcore 2021/05/15 v3.1.9a (3.1.9a)

(C:\Users\HP\AppData\Local\Programs\MiKTeX\tex/generic/pgf/math\pgfmath.code.te
x
(C:\Users\HP\AppData\Local\Programs\MiKTeX\tex/generic/pgf/math\pgfmathcalc.cod
e.tex
(C:\Users\HP\AppData\Local\Programs\MiKTeX\tex/generic/pgf/math\pgfmathutil.cod
e.tex)
(C:\Users\HP\AppData\Local\Programs\MiKTeX\tex/generic/pgf/math\pgfmathparser.c
ode.tex
\pgfmath@dimen=\dimen153
\pgfmath@count=\count267
\pgfmath@box=\box51
\pgfmath@toks=\toks26
\pgfmath@stack@operand=\toks27
\pgfmath@stack@operation=\toks28
)
(C:\Users\HP\AppData\Local\Programs\MiKTeX\tex/generic/pgf/math\pgfmathfunction
s.code.tex
(C:\Users\HP\AppData\Local\Programs\MiKTeX\tex/generic/pgf/math\pgfmathfunction
s.basic.code.tex)
(C:\Users\HP\AppData\Local\Programs\MiKTeX\tex/generic/pgf/math\pgfmathfunction
s.trigonometric.code.tex)
(C:\Users\HP\AppData\Local\Programs\MiKTeX\tex/generic/pgf/math\pgfmathfunction
s.random.code.tex)
(C:\Users\HP\AppData\Local\Programs\MiKTeX\tex/generic/pgf/math\pgfmathfunction
s.comparison.code.tex)
(C:\Users\HP\AppData\Local\Programs\MiKTeX\tex/generic/pgf/math\pgfmathfunction
s.base.code.tex)
(C:\Users\HP\AppData\Local\Programs\MiKTeX\tex/generic/pgf/math\pgfmathfunction
s.round.code.tex)
(C:\Users\HP\AppData\Local\Programs\MiKTeX\tex/generic/pgf/math\pgfmathfunction
s.misc.code.tex)
(C:\Users\HP\AppData\Local\Programs\MiKTeX\tex/generic/pgf/math\pgfmathfunction
s.integerarithmetics.code.tex)))
(C:\Users\HP\AppData\Local\Programs\MiKTeX\tex/generic/pgf/math\pgfmathfloat.co
de.tex
\c@pgfmathroundto@lastzeros=\count268
))
(C:\Users\HP\AppData\Local\Programs\MiKTeX\tex/generic/pgf/math\pgfint.code.tex
)
(C:\Users\HP\AppData\Local\Programs\MiKTeX\tex/generic/pgf/basiclayer\pgfcorepo
ints.code.tex
File: pgfcorepoints.code.tex 2021/05/15 v3.1.9a (3.1.9a)
\pgf@picminx=\dimen154
\pgf@picmaxx=\dimen155
\pgf@picminy=\dimen156
\pgf@picmaxy=\dimen157
\pgf@pathminx=\dimen158
\pgf@pathmaxx=\dimen159
\pgf@pathminy=\dimen160
\pgf@pathmaxy=\dimen161
\pgf@xx=\dimen162
\pgf@xy=\dimen163
\pgf@yx=\dimen164
\pgf@yy=\dimen165
\pgf@zx=\dimen166
\pgf@zy=\dimen167
)
(C:\Users\HP\AppData\Local\Programs\MiKTeX\tex/generic/pgf/basiclayer\pgfcorepa
thconstruct.code.tex
File: pgfcorepathconstruct.code.tex 2021/05/15 v3.1.9a (3.1.9a)
\pgf@path@lastx=\dimen168
\pgf@path@lasty=\dimen169
)
(C:\Users\HP\AppData\Local\Programs\MiKTeX\tex/generic/pgf/basiclayer\pgfcorepa
thusage.code.tex
File: pgfcorepathusage.code.tex 2021/05/15 v3.1.9a (3.1.9a)
\pgf@shorten@end@additional=\dimen170
\pgf@shorten@start@additional=\dimen171
)
(C:\Users\HP\AppData\Local\Programs\MiKTeX\tex/generic/pgf/basiclayer\pgfcoresc
opes.code.tex
File: pgfcorescopes.code.tex 2021/05/15 v3.1.9a (3.1.9a)
\pgfpic=\box52
\pgf@hbox=\box53
\pgf@layerbox@main=\box54
\pgf@picture@serial@count=\count269
)
(C:\Users\HP\AppData\Local\Programs\MiKTeX\tex/generic/pgf/basiclayer\pgfcoregr
aphicstate.code.tex
File: pgfcoregraphicstate.code.tex 2021/05/15 v3.1.9a (3.1.9a)
\pgflinewidth=\dimen172
)
(C:\Users\HP\AppData\Local\Programs\MiKTeX\tex/generic/pgf/basiclayer\pgfcoretr
ansformations.code.tex
File: pgfcoretransformations.code.tex 2021/05/15 v3.1.9a (3.1.9a)
\pgf@pt@x=\dimen173
\pgf@pt@y=\dimen174
\pgf@pt@temp=\dimen175
)
(C:\Users\HP\AppData\Local\Programs\MiKTeX\tex/generic/pgf/basiclayer\pgfcorequ
ick.code.tex
File: pgfcorequick.code.tex 2021/05/15 v3.1.9a (3.1.9a)
)
(C:\Users\HP\AppData\Local\Programs\MiKTeX\tex/generic/pgf/basiclayer\pgfcoreob
jects.code.tex
File: pgfcoreobjects.code.tex 2021/05/15 v3.1.9a (3.1.9a)
)
(C:\Users\HP\AppData\Local\Programs\MiKTeX\tex/generic/pgf/basiclayer\pgfcorepa
thprocessing.code.tex
File: pgfcorepathprocessing.code.tex 2021/05/15 v3.1.9a (3.1.9a)
)
(C:\Users\HP\AppData\Local\Programs\MiKTeX\tex/generic/pgf/basiclayer\pgfcorear
rows.code.tex
File: pgfcorearrows.code.tex 2021/05/15 v3.1.9a (3.1.9a)
\pgfarrowsep=\dimen176
)
(C:\Users\HP\AppData\Local\Programs\MiKTeX\tex/generic/pgf/basiclayer\pgfcoresh
ade.code.tex
File: pgfcoreshade.code.tex 2021/05/15 v3.1.9a (3.1.9a)
\pgf@max=\dimen177
\pgf@sys@shading@range@num=\count270
\pgf@shadingcount=\count271
)
(C:\Users\HP\AppData\Local\Programs\MiKTeX\tex/generic/pgf/basiclayer\pgfcoreim
age.code.tex
File: pgfcoreimage.code.tex 2021/05/15 v3.1.9a (3.1.9a)

(C:\Users\HP\AppData\Local\Programs\MiKTeX\tex/generic/pgf/basiclayer\pgfcoreex
ternal.code.tex
File: pgfcoreexternal.code.tex 2021/05/15 v3.1.9a (3.1.9a)
\pgfexternal@startupbox=\box55
))
(C:\Users\HP\AppData\Local\Programs\MiKTeX\tex/generic/pgf/basiclayer\pgfcorela
yers.code.tex
File: pgfcorelayers.code.tex 2021/05/15 v3.1.9a (3.1.9a)
)
(C:\Users\HP\AppData\Local\Programs\MiKTeX\tex/generic/pgf/basiclayer\pgfcoretr
ansparency.code.tex
File: pgfcoretransparency.code.tex 2021/05/15 v3.1.9a (3.1.9a)
)
(C:\Users\HP\AppData\Local\Programs\MiKTeX\tex/generic/pgf/basiclayer\pgfcorepa
tterns.code.tex
File: pgfcorepatterns.code.tex 2021/05/15 v3.1.9a (3.1.9a)
)
(C:\Users\HP\AppData\Local\Programs\MiKTeX\tex/generic/pgf/basiclayer\pgfcorerd
f.code.tex
File: pgfcorerdf.code.tex 2021/05/15 v3.1.9a (3.1.9a)
)))
(C:\Users\HP\AppData\Local\Programs\MiKTeX\tex/generic/pgf/modules\pgfmodulesha
pes.code.tex
File: pgfmoduleshapes.code.tex 2021/05/15 v3.1.9a (3.1.9a)
\pgfnodeparttextbox=\box56
)
(C:\Users\HP\AppData\Local\Programs\MiKTeX\tex/generic/pgf/modules\pgfmoduleplo
t.code.tex
File: pgfmoduleplot.code.tex 2021/05/15 v3.1.9a (3.1.9a)
)
(C:\Users\HP\AppData\Local\Programs\MiKTeX\tex/latex/pgf/compatibility\pgfcomp-
version-0-65.sty
Package: pgfcomp-version-0-65 2021/05/15 v3.1.9a (3.1.9a)
\pgf@nodesepstart=\dimen178
\pgf@nodesepend=\dimen179
)
(C:\Users\HP\AppData\Local\Programs\MiKTeX\tex/latex/pgf/compatibility\pgfcomp-
version-1-18.sty
Package: pgfcomp-version-1-18 2021/05/15 v3.1.9a (3.1.9a)
))
(C:\Users\HP\AppData\Local\Programs\MiKTeX\tex/latex/pgf/utilities\pgffor.sty
(C:\Users\HP\AppData\Local\Programs\MiKTeX\tex/latex/pgf/utilities\pgfkeys.sty
(C:\Users\HP\AppData\Local\Programs\MiKTeX\tex/generic/pgf/utilities\pgfkeys.co
de.tex))
(C:\Users\HP\AppData\Local\Programs\MiKTeX\tex/latex/pgf/math\pgfmath.sty
(C:\Users\HP\AppData\Local\Programs\MiKTeX\tex/generic/pgf/math\pgfmath.code.te
x))
(C:\Users\HP\AppData\Local\Programs\MiKTeX\tex/generic/pgf/utilities\pgffor.cod
e.tex
Package: pgffor 2021/05/15 v3.1.9a (3.1.9a)

(C:\Users\HP\AppData\Local\Programs\MiKTeX\tex/generic/pgf/math\pgfmath.code.te
x)
\pgffor@iter=\dimen180
\pgffor@skip=\dimen181
\pgffor@stack=\toks29
\pgffor@toks=\toks30
))
(C:\Users\HP\AppData\Local\Programs\MiKTeX\tex/generic/pgf/frontendlayer/tikz\t
ikz.code.tex
Package: tikz 2021/05/15 v3.1.9a (3.1.9a)

(C:\Users\HP\AppData\Local\Programs\MiKTeX\tex/generic/pgf/libraries\pgflibrary
plothandlers.code.tex
File: pgflibraryplothandlers.code.tex 2021/05/15 v3.1.9a (3.1.9a)
\pgf@plot@mark@count=\count272
\pgfplotmarksize=\dimen182
)
\tikz@lastx=\dimen183
\tikz@lasty=\dimen184
\tikz@lastxsaved=\dimen185
\tikz@lastysaved=\dimen186
\tikz@lastmovetox=\dimen187
\tikz@lastmovetoy=\dimen188
\tikzleveldistance=\dimen189
\tikzsiblingdistance=\dimen190
\tikz@figbox=\box57
\tikz@figbox@bg=\box58
\tikz@tempbox=\box59
\tikz@tempbox@bg=\box60
\tikztreelevel=\count273
\tikznumberofchildren=\count274
\tikznumberofcurrentchild=\count275
\tikz@fig@count=\count276

(C:\Users\HP\AppData\Local\Programs\MiKTeX\tex/generic/pgf/modules\pgfmodulemat
rix.code.tex
File: pgfmodulematrix.code.tex 2021/05/15 v3.1.9a (3.1.9a)
\pgfmatrixcurrentrow=\count277
\pgfmatrixcurrentcolumn=\count278
\pgf@matrix@numberofcolumns=\count279
)
\tikz@expandcount=\count280

(C:\Users\HP\AppData\Local\Programs\MiKTeX\tex/generic/pgf/frontendlayer/tikz/l
ibraries\tikzlibrarytopaths.code.tex
File: tikzlibrarytopaths.code.tex 2021/05/15 v3.1.9a (3.1.9a)
)))
(C:\Users\HP\AppData\Local\Programs\MiKTeX\tex/latex/tools\calc.sty
Package: calc 2017/05/25 v4.3 Infix arithmetic (KKT,FJ)
\calc@Acount=\count281
\calc@Bcount=\count282
\calc@Adimen=\dimen191
\calc@Bdimen=\dimen192
\calc@Askip=\skip51
\calc@Bskip=\skip52
LaTeX Info: Redefining \setlength on input line 80.
LaTeX Info: Redefining \addtolength on input line 81.
\calc@Ccount=\count283
\calc@Cskip=\skip53
)
(C:\Users\HP\AppData\Local\Programs\MiKTeX\tex/latex/tools\multicol.sty
Package: multicol 2021/10/28 v1.9b multicolumn formatting (FMi)
\c@tracingmulticols=\count284
\mult@box=\box61
\multicol@leftmargin=\dimen193
\c@unbalance=\count285
\c@collectmore=\count286
\doublecol@number=\count287
\multicoltolerance=\count288
\multicolpretolerance=\count289
\full@width=\dimen194
\page@free=\dimen195
\premulticols=\dimen196
\postmulticols=\dimen197
\multicolsep=\skip54
\multicolbaselineskip=\skip55
\partial@page=\box62
\last@line=\box63
\maxbalancingoverflow=\dimen198
\mult@rightbox=\box64
\mult@grightbox=\box65
\mult@firstbox=\box66
\mult@gfirstbox=\box67
\@tempa=\box68
\@tempa=\box69
\@tempa=\box70
\@tempa=\box71
\@tempa=\box72
\@tempa=\box73
\@tempa=\box74
\@tempa=\box75
\@tempa=\box76
\@tempa=\box77
\@tempa=\box78
\@tempa=\box79
\@tempa=\box80
\@tempa=\box81
\@tempa=\box82
\@tempa=\box83
\@tempa=\box84
\@tempa=\box85
\@tempa=\box86
\@tempa=\box87
\@tempa=\box88
\@tempa=\box89
\@tempa=\box90
\@tempa=\box91
\@tempa=\box92
\@tempa=\box93
\@tempa=\box94
\@tempa=\box95
\@tempa=\box96
\@tempa=\box97
\@tempa=\box98
\@tempa=\box99
\@tempa=\box100
\@tempa=\box101
\@tempa=\box102
\@tempa=\box103
\c@minrows=\count290
\c@columnbadness=\count291
\c@finalcolumnbadness=\count292
\last@try=\dimen199
\multicolovershoot=\dimen256
\multicolundershoot=\dimen257
\mult@nat@firstbox=\box104
\colbreak@box=\box105
\mc@col@check@num=\count293
)
(C:\Users\HP\AppData\Local\Programs\MiKTeX\tex/latex/multirow\multirow.sty
Package: multirow 2021/03/15 v2.8 Span multiple rows of a table
\multirow@colwidth=\skip56
\multirow@cntb=\count294
\multirow@dima=\skip57
\bigstrutjot=\dimen258
)
(C:\Users\HP\AppData\Local\Programs\MiKTeX\tex/latex/changepage\changepage.sty
Package: changepage 2009/10/20 v1.0c check page and change page layout
\c@cp@cntr=\count295
\cp@tempcnt=\count296
) (C:\Users\HP\AppData\Local\Programs\MiKTeX\tex/latex/tools\array.sty
Package: array 2021/10/04 v2.5f Tabular extension package (FMi)
\col@sep=\dimen259
\ar@mcellbox=\box106
\extrarowheight=\dimen260
\NC@list=\toks31
\extratabsurround=\skip58
\backup@length=\skip59
\ar@cellbox=\box107
)
(C:\Users\HP\AppData\Local\Programs\MiKTeX\tex/latex/tabto-ltx\tabto.sty
Package: tabto 2018/12/28  v 1.4  Another tabbing mechanism
\CurrentLineWidth=\dimen261
\TabPrevPos=\dimen262
)
(C:\Users\HP\AppData\Local\Programs\MiKTeX\tex/latex/amsmath\amsmath.sty
Package: amsmath 2021/10/15 v2.17l AMS math features
\@mathmargin=\skip60

For additional information on amsmath, use the `?' option.
(C:\Users\HP\AppData\Local\Programs\MiKTeX\tex/latex/amsmath\amstext.sty
Package: amstext 2021/08/26 v2.01 AMS text

(C:\Users\HP\AppData\Local\Programs\MiKTeX\tex/latex/amsmath\amsgen.sty
File: amsgen.sty 1999/11/30 v2.0 generic functions
\@emptytoks=\toks32
\ex@=\dimen263
))
(C:\Users\HP\AppData\Local\Programs\MiKTeX\tex/latex/amsmath\amsbsy.sty
Package: amsbsy 1999/11/29 v1.2d Bold Symbols
\pmbraise@=\dimen264
)
(C:\Users\HP\AppData\Local\Programs\MiKTeX\tex/latex/amsmath\amsopn.sty
Package: amsopn 2021/08/26 v2.02 operator names
)
\inf@bad=\count297
LaTeX Info: Redefining \frac on input line 234.
\uproot@=\count298
\leftroot@=\count299
LaTeX Info: Redefining \overline on input line 399.
\classnum@=\count300
\DOTSCASE@=\count301
LaTeX Info: Redefining \ldots on input line 496.
LaTeX Info: Redefining \dots on input line 499.
LaTeX Info: Redefining \cdots on input line 620.
\Mathstrutbox@=\box108
\strutbox@=\box109
\big@size=\dimen265
LaTeX Font Info:    Redeclaring font encoding OML on input line 743.
LaTeX Font Info:    Redeclaring font encoding OMS on input line 744.
\macc@depth=\count302
\c@MaxMatrixCols=\count303
\dotsspace@=\muskip16
\c@parentequation=\count304
\dspbrk@lvl=\count305
\tag@help=\toks33
\row@=\count306
\column@=\count307
\maxfields@=\count308
\andhelp@=\toks34
\eqnshift@=\dimen266
\alignsep@=\dimen267
\tagshift@=\dimen268
\tagwidth@=\dimen269
\totwidth@=\dimen270
\lineht@=\dimen271
\@envbody=\toks35
\multlinegap=\skip61
\multlinetaggap=\skip62
\mathdisplay@stack=\toks36
LaTeX Info: Redefining \[ on input line 2938.
LaTeX Info: Redefining \] on input line 2939.
)
(C:\Users\HP\AppData\Local\Programs\MiKTeX\tex/latex/float\float.sty
Package: float 2001/11/08 v1.3d Float enhancements (AL)
\c@float@type=\count309
\float@exts=\toks37
\float@box=\box110
\@float@everytoks=\toks38
\@floatcapt=\box111
)
(C:\Users\HP\AppData\Local\Programs\MiKTeX\tex/latex/subfig\subfig.sty
Package: subfig 2005/06/28 ver: 1.3 subfig package

(C:\Users\HP\AppData\Local\Programs\MiKTeX\tex/latex/caption\caption.sty
Package: caption 2020/10/26 v3.5g Customizing captions (AR)

(C:\Users\HP\AppData\Local\Programs\MiKTeX\tex/latex/caption\caption3.sty
Package: caption3 2020/10/21 v2.2e caption3 kernel (AR)
\captionmargin=\dimen272
\captionmargin@=\dimen273
\captionwidth=\dimen274
\caption@tempdima=\dimen275
\caption@indent=\dimen276
\caption@parindent=\dimen277
\caption@hangindent=\dimen278
Package caption Info: Standard document class detected.
)
\c@caption@flags=\count310
\c@continuedfloat=\count311
Package caption Info: changepage package is loaded.
\caption@adjustwidth@hsize=\dimen279
\caption@adjustwidth@linewidth=\dimen280
Package caption Info: float package is loaded.
)
\c@KVtest=\count312
\sf@farskip=\skip63
\sf@captopadj=\dimen281
\sf@capskip=\skip64
\sf@nearskip=\skip65
\c@subfigure=\count313
\c@subfigure@save=\count314
\c@lofdepth=\count315
\c@subtable=\count316
\c@subtable@save=\count317
\c@lotdepth=\count318
\sf@top=\skip66
\sf@bottom=\skip67
)
(C:\Users\HP\AppData\Local\Programs\MiKTeX\tex/latex/listings\listings.sty
\lst@mode=\count319
\lst@gtempboxa=\box112
\lst@token=\toks39
\lst@length=\count320
\lst@currlwidth=\dimen282
\lst@column=\count321
\lst@pos=\count322
\lst@lostspace=\dimen283
\lst@width=\dimen284
\lst@newlines=\count323
\lst@lineno=\count324
\lst@maxwidth=\dimen285

(C:\Users\HP\AppData\Local\Programs\MiKTeX\tex/latex/listings\lstmisc.sty
File: lstmisc.sty 2020/03/24 1.8d (Carsten Heinz)
\c@lstnumber=\count325
\lst@skipnumbers=\count326
\lst@framebox=\box113
)
(C:\Users\HP\AppData\Local\Programs\MiKTeX\tex/latex/listings\listings.cfg
File: listings.cfg 2020/03/24 1.8d listings configuration
))
Package: listings 2020/03/24 1.8d (Carsten Heinz)

(C:\Users\HP\AppData\Local\Programs\MiKTeX\tex/latex/algorithm2e\algorithm2e.st
y
Package: algorithm2e 2017/07/18 v5.2 algorithms environments
\c@AlgoLine=\count327
 (C:\Users\HP\AppData\Local\Programs\MiKTeX\tex/latex/base\ifthen.sty
Package: ifthen 2020/11/24 v1.1c Standard LaTeX ifthen package (DPC)
)
\algocf@hangindent=\skip68

(C:\Users\HP\AppData\Local\Programs\MiKTeX\tex/latex/ifoddpage\ifoddpage.sty
Package: ifoddpage 2016/04/23 v1.1 Conditionals for odd/even page detection
\c@checkoddpage=\count328
LaTeX Info: Redefining \checkoddpage on input line 45.
)
(C:\Users\HP\AppData\Local\Programs\MiKTeX\tex/latex/tools\xspace.sty
Package: xspace 2014/10/28 v1.13 Space after command names (DPC,MH)
)
(C:\Users\HP\AppData\Local\Programs\MiKTeX\tex/latex/relsize\relsize.sty
Package: relsize 2013/03/29 ver 4.1
)
\skiptotal=\skip69
\skiplinenumber=\skip70
\skiprule=\skip71
\skiphlne=\skip72
\skiptext=\skip73
\skiplength=\skip74
\algomargin=\skip75
\skipalgocfslide=\skip76
\algowidth=\dimen286
\inoutsize=\dimen287
\inoutindent=\dimen288
\interspacetitleruled=\dimen289
\interspacealgoruled=\dimen290
\interspacetitleboxruled=\dimen291
\algocf@ruledwidth=\skip77
\algocf@inoutbox=\box114
\algocf@inputbox=\box115
\AlCapSkip=\skip78
\AlCapHSkip=\skip79
\algoskipindent=\skip80
\algocf@nlbox=\box116
\algocf@hangingbox=\box117
\algocf@untilbox=\box118
\algocf@skipuntil=\skip81
\algocf@capbox=\box119
\algocf@lcaptionbox=\skip82
\algoheightruledefault=\skip83
\algoheightrule=\skip84
\algotitleheightruledefault=\skip85
\algotitleheightrule=\skip86
\c@algocfline=\count329
\c@algocfproc=\count330
\c@algocf=\count331
\algocf@algoframe=\box120
\algocf@algobox=\box121
)
(C:\Users\HP\AppData\Local\Programs\MiKTeX\tex/latex/hyperref\hyperref.sty
Package: hyperref 2021-06-07 v7.00m Hypertext links for LaTeX

(C:\Users\HP\AppData\Local\Programs\MiKTeX\tex/generic/ltxcmds\ltxcmds.sty
Package: ltxcmds 2020-05-10 v1.25 LaTeX kernel commands for general use (HO)
)
(C:\Users\HP\AppData\Local\Programs\MiKTeX\tex/generic/iftex\iftex.sty
Package: iftex 2020/03/06 v1.0d TeX engine tests
)
(C:\Users\HP\AppData\Local\Programs\MiKTeX\tex/generic/pdftexcmds\pdftexcmds.st
y
Package: pdftexcmds 2020-06-27 v0.33 Utility functions of pdfTeX for LuaTeX (HO
)

(C:\Users\HP\AppData\Local\Programs\MiKTeX\tex/generic/infwarerr\infwarerr.sty
Package: infwarerr 2019/12/03 v1.5 Providing info/warning/error messages (HO)
)
Package pdftexcmds Info: \pdf@primitive is available.
Package pdftexcmds Info: \pdf@ifprimitive is available.
Package pdftexcmds Info: \pdfdraftmode found.
)
(C:\Users\HP\AppData\Local\Programs\MiKTeX\tex/generic/kvsetkeys\kvsetkeys.sty
Package: kvsetkeys 2019/12/15 v1.18 Key value parser (HO)
)
(C:\Users\HP\AppData\Local\Programs\MiKTeX\tex/generic/kvdefinekeys\kvdefinekey
s.sty
Package: kvdefinekeys 2019-12-19 v1.6 Define keys (HO)
)
(C:\Users\HP\AppData\Local\Programs\MiKTeX\tex/generic/pdfescape\pdfescape.sty
Package: pdfescape 2019/12/09 v1.15 Implements pdfTeX's escape features (HO)
) (C:\Users\HP\AppData\Local\Programs\MiKTeX\tex/latex/hycolor\hycolor.sty
Package: hycolor 2020-01-27 v1.10 Color options for hyperref/bookmark (HO)
)
(C:\Users\HP\AppData\Local\Programs\MiKTeX\tex/latex/letltxmacro\letltxmacro.st
y
Package: letltxmacro 2019/12/03 v1.6 Let assignment for LaTeX macros (HO)
) (C:\Users\HP\AppData\Local\Programs\MiKTeX\tex/latex/auxhook\auxhook.sty
Package: auxhook 2019-12-17 v1.6 Hooks for auxiliary files (HO)
)
(C:\Users\HP\AppData\Local\Programs\MiKTeX\tex/latex/kvoptions\kvoptions.sty
Package: kvoptions 2020-10-07 v3.14 Key value format for package options (HO)
)
\@linkdim=\dimen292
\Hy@linkcounter=\count332
\Hy@pagecounter=\count333

(C:\Users\HP\AppData\Local\Programs\MiKTeX\tex/latex/hyperref\pd1enc.def
File: pd1enc.def 2021-06-07 v7.00m Hyperref: PDFDocEncoding definition (HO)
Now handling font encoding PD1 ...
... no UTF-8 mapping file for font encoding PD1
)
(C:\Users\HP\AppData\Local\Programs\MiKTeX\tex/latex/hyperref\hyperref-langpatc
hes.def
File: hyperref-langpatches.def 2021-06-07 v7.00m Hyperref: patches for babel la
nguages
)
(C:\Users\HP\AppData\Local\Programs\MiKTeX\tex/generic/intcalc\intcalc.sty
Package: intcalc 2019/12/15 v1.3 Expandable calculations with integers (HO)
)
(C:\Users\HP\AppData\Local\Programs\MiKTeX\tex/generic/etexcmds\etexcmds.sty
Package: etexcmds 2019/12/15 v1.7 Avoid name clashes with e-TeX commands (HO)
)
\Hy@SavedSpaceFactor=\count334

(C:\Users\HP\AppData\Local\Programs\MiKTeX\tex/latex/hyperref\puenc.def
File: puenc.def 2021-06-07 v7.00m Hyperref: PDF Unicode definition (HO)
Now handling font encoding PU ...
... no UTF-8 mapping file for font encoding PU
)
Package hyperref Info: Hyper figures OFF on input line 4192.
Package hyperref Info: Link nesting OFF on input line 4197.
Package hyperref Info: Hyper index ON on input line 4200.
Package hyperref Info: Plain pages OFF on input line 4207.
Package hyperref Info: Backreferencing OFF on input line 4212.
Package hyperref Info: Implicit mode ON; LaTeX internals redefined.
Package hyperref Info: Bookmarks ON on input line 4445.
\c@Hy@tempcnt=\count335

(C:\Users\HP\AppData\Local\Programs\MiKTeX\tex/latex/url\url.sty
\Urlmuskip=\muskip17
Package: url 2013/09/16  ver 3.4  Verb mode for urls, etc.
)
LaTeX Info: Redefining \url on input line 4804.
\XeTeXLinkMargin=\dimen293

(C:\Users\HP\AppData\Local\Programs\MiKTeX\tex/generic/bitset\bitset.sty
Package: bitset 2019/12/09 v1.3 Handle bit-vector datatype (HO)

(C:\Users\HP\AppData\Local\Programs\MiKTeX\tex/generic/bigintcalc\bigintcalc.st
y
Package: bigintcalc 2019/12/15 v1.5 Expandable calculations on big integers (HO
)
))
\Fld@menulength=\count336
\Field@Width=\dimen294
\Fld@charsize=\dimen295
Package hyperref Info: Hyper figures OFF on input line 6076.
Package hyperref Info: Link nesting OFF on input line 6081.
Package hyperref Info: Hyper index ON on input line 6084.
Package hyperref Info: backreferencing OFF on input line 6091.
Package hyperref Info: Link coloring OFF on input line 6096.
Package hyperref Info: Link coloring with OCG OFF on input line 6101.
Package hyperref Info: PDF/A mode OFF on input line 6106.
LaTeX Info: Redefining \ref on input line 6146.
LaTeX Info: Redefining \pageref on input line 6150.
 (C:\Users\HP\AppData\Local\Programs\MiKTeX\tex/latex/base\atbegshi-ltx.sty
Package: atbegshi-ltx 2021/01/10 v1.0c Emulation of the original atbegshi
package with kernel methods
)
\Hy@abspage=\count337
\c@Item=\count338
\c@Hfootnote=\count339
)
Package hyperref Info: Driver (autodetected): hpdftex.
 (C:\Users\HP\AppData\Local\Programs\MiKTeX\tex/latex/hyperref\hpdftex.def
File: hpdftex.def 2021-06-07 v7.00m Hyperref driver for pdfTeX

(C:\Users\HP\AppData\Local\Programs\MiKTeX\tex/latex/base\atveryend-ltx.sty
Package: atveryend-ltx 2020/08/19 v1.0a Emulation of the original atveryend pac
kage
with kernel methods
)
\Fld@listcount=\count340
\c@bookmark@seq@number=\count341

(C:\Users\HP\AppData\Local\Programs\MiKTeX\tex/latex/rerunfilecheck\rerunfilech
eck.sty
Package: rerunfilecheck 2019/12/05 v1.9 Rerun checks for auxiliary files (HO)

(C:\Users\HP\AppData\Local\Programs\MiKTeX\tex/generic/uniquecounter\uniquecoun
ter.sty
Package: uniquecounter 2019/12/15 v1.4 Provide unlimited unique counter (HO)
)
Package uniquecounter Info: New unique counter `rerunfilecheck' on input line 2
86.
)
\Hy@SectionHShift=\skip87
)
Package hyperref Info: Option `colorlinks' set `true' on input line 86.

(C:\Users\HP\AppData\Local\Programs\MiKTeX\tex/latex/l3backend\l3backend-pdftex
.def
File: l3backend-pdftex.def 2021-10-18 L3 backend support: PDF output (pdfTeX)
\l__color_backend_stack_int=\count342
\l__pdf_internal_box=\box122
) (main.aux (abstract.aux) (Introduction.aux) (projectmanagement.aux)
(requirementgatheringandanalysis.aux) (conceptualmodelling.aux)
(logicalmodelling.aux) (normalization.aux) (physical.aux)
(systemarchitecture.aux

LaTeX Warning: Label `fig:flowchart' multiply defined.

) (implementation.aux

LaTeX Warning: Label `list:sql' multiply defined.


LaTeX Warning: Label `list:sql' multiply defined.


LaTeX Warning: Label `list:sql' multiply defined.

) (validation.aux) (softwaredeployment.aux) (conclusionandfuturework.aux))
\openout1 = `main.aux'.

LaTeX Font Info:    Checking defaults for OML/cmm/m/it on input line 110.
LaTeX Font Info:    ... okay on input line 110.
LaTeX Font Info:    Checking defaults for OMS/cmsy/m/n on input line 110.
LaTeX Font Info:    ... okay on input line 110.
LaTeX Font Info:    Checking defaults for OT1/cmr/m/n on input line 110.
LaTeX Font Info:    ... okay on input line 110.
LaTeX Font Info:    Checking defaults for T1/cmr/m/n on input line 110.
LaTeX Font Info:    ... okay on input line 110.
LaTeX Font Info:    Checking defaults for TS1/cmr/m/n on input line 110.
LaTeX Font Info:    ... okay on input line 110.
LaTeX Font Info:    Checking defaults for OMX/cmex/m/n on input line 110.
LaTeX Font Info:    ... okay on input line 110.
LaTeX Font Info:    Checking defaults for U/cmr/m/n on input line 110.
LaTeX Font Info:    ... okay on input line 110.
LaTeX Font Info:    Checking defaults for PD1/pdf/m/n on input line 110.
LaTeX Font Info:    ... okay on input line 110.
LaTeX Font Info:    Checking defaults for PU/pdf/m/n on input line 110.
LaTeX Font Info:    ... okay on input line 110.

(C:\Users\HP\AppData\Local\Programs\MiKTeX\tex/context/base/mkii\supp-pdf.mkii
[Loading MPS to PDF converter (version 2006.09.02).]
\scratchcounter=\count343
\scratchdimen=\dimen296
\scratchbox=\box123
\nofMPsegments=\count344
\nofMParguments=\count345
\everyMPshowfont=\toks40
\MPscratchCnt=\count346
\MPscratchDim=\dimen297
\MPnumerator=\count347
\makeMPintoPDFobject=\count348
\everyMPtoPDFconversion=\toks41
)
(C:\Users\HP\AppData\Local\Programs\MiKTeX\tex/latex/epstopdf-pkg\epstopdf-base
.sty
Package: epstopdf-base 2020-01-24 v2.11 Base part for package epstopdf
Package epstopdf-base Info: Redefining graphics rule for `.eps' on input line 4
85.

(C:\Users\HP\AppData\Local\Programs\MiKTeX\tex/latex/00miktex\epstopdf-sys.cfg
File: epstopdf-sys.cfg 2021/03/18 v2.0 Configuration of epstopdf for MiKTeX
))
Package caption Info: Begin \AtBeginDocument code.
Package caption Info: subfig package v1.3 is loaded.
Package caption Info: hyperref package is loaded.
Package caption Info: listings package is loaded.
Package caption Info: End \AtBeginDocument code.
\c@lstlisting=\count349
Package hyperref Info: Link coloring ON on input line 110.
 (C:\Users\HP\AppData\Local\Programs\MiKTeX\tex/latex/hyperref\nameref.sty
Package: nameref 2021-04-02 v2.47 Cross-referencing by name of section

(C:\Users\HP\AppData\Local\Programs\MiKTeX\tex/latex/refcount\refcount.sty
Package: refcount 2019/12/15 v3.6 Data extraction from label references (HO)
)
(C:\Users\HP\AppData\Local\Programs\MiKTeX\tex/generic/gettitlestring\gettitles
tring.sty
Package: gettitlestring 2019/12/15 v1.6 Cleanup title references (HO)
)
\c@section@level=\count350
)
LaTeX Info: Redefining \ref on input line 110.
LaTeX Info: Redefining \pageref on input line 110.
LaTeX Info: Redefining \nameref on input line 110.
 (main.out) (main.out)
\@outlinefile=\write5
\openout5 = `main.out'.

 (formatter/titlepage.tex
<images/cu.png, id=114, 189.70876pt x 268.00125pt>
File: images/cu.png Graphic file (type png)
<use images/cu.png>
Package pdftex.def Info: images/cu.png  used on input line 6.
(pdftex.def)             Requested size: 58.49762pt x 82.63786pt.
 [1

{C:/Users/HP/AppData/Local/MiKTeX/fonts/map/pdftex/pdftex.map} <./images/cu.png
>])
(formatter/studentInfo.tex
pdfTeX warning (ext4): destination with the same identifier (name{page.1}) has 
been already used, duplicate ignored
<to be read again> 
                   \relax 
l.21 \clearpage
                [1]) (main.toc)
\tf@toc=\write6
\openout6 = `main.toc'.

 (main.lof [2


])
\tf@lof=\write7
\openout7 = `main.lof'.

 (main.lot)
\tf@lot=\write8
\openout8 = `main.lot'.

 (main.lol)
\tf@lol=\write9
\openout9 = `main.lol'.

 [3]
\openout2 = `abstract.aux'.


(abstract.tex

LaTeX Warning: Citation `kleinberg2006algorithm' on page 4 undefined on input l
ine 3.


Overfull \hbox (28.20381pt too wide) in paragraph at lines 5--6
\OT1/cmr/m/n/10.95 mem-bers work to-gether. The sys-tem was de-vel-oped us-ing 
a JavaScript-based
 []


Overfull \hbox (2.7552pt too wide) in paragraph at lines 5--6
\OT1/cmr/m/n/10.95 frame-work called "Re-act", which in-cludes Cas-cad-ing Styl
e Sheets(CSS)
 []


Overfull \hbox (10.43929pt too wide) in paragraph at lines 5--6
\OT1/cmr/m/n/10.95 Apache web server and a MySQL database server. Test-ing and 
val-i-da-tion
 []


Overfull \hbox (4.2761pt too wide) in paragraph at lines 5--6
\OT1/cmr/m/n/10.95 on-line sys-tems such as the No Ob-jec-tion Cer-tifi-cate (N
OC), the Stu-dent
 []

) [4

]
\openout2 = `Introduction.aux'.

 (Introduction.tex
Overfull \hbox (5.51395pt too wide) in paragraph at lines 5--6
\OT1/cmr/m/n/12 One of the most sig-nif-i-cant ad-van-tages of em-ploy-ing tech
-nolo-gies over ana-logue
 []


Underfull \hbox (badness 10000) in paragraph at lines 5--6

 []

[5



]
Overfull \hbox (30.59795pt too wide) in paragraph at lines 19--20
\OT1/cmr/m/n/12 both the pay-ment and at-ten-dance sys-tems to a one-click op-e
r-a-tion. Ad-min-is-tra-tors'
 []


Overfull \hbox (1.5538pt too wide) in paragraph at lines 19--20
\OT1/cmr/m/n/12 ever be-fore. Stu-dents and ad-min-is-tra-tors may use this sys
-tem to run pro-cesses
 []


Overfull \hbox (16.16258pt too wide) in paragraph at lines 25--26
[]\OT1/cmr/m/n/12 The sys-tem may use stu-dent data such as \OT1/cmr/m/it/12 na
me\OT1/cmr/m/n/12 , \OT1/cmr/m/it/12 stu-dent id\OT1/cmr/m/n/12 , some in-sti-t
u-tional
 []

[6

]
Overfull \hbox (1.41539pt too wide) in paragraph at lines 36--37
\OT1/cmr/m/n/12 Mod-el-ing, Ar-chi-tec-tural De-sign, Im-ple-men-ta-tion, and T
est-ing and Val-i-da-tion.
 []

<images/sdlc.pdf, id=244, 1445.4pt x 813.0375pt>
File: images/sdlc.pdf Graphic file (type pdf)
<use images/sdlc.pdf>
Package pdftex.def Info: images/sdlc.pdf  used on input line 40.
(pdftex.def)             Requested size: 390.0pt x 219.37419pt.
[7

 <./images/sdlc.pdf>]
Overfull \hbox (3.6874pt too wide) in paragraph at lines 49--50
[]\OT1/cmr/m/n/12 When it comes to database mod-elling, it's also re-ferred
 []


Overfull \hbox (4.66534pt too wide) in paragraph at lines 49--50
\OT1/cmr/m/n/12 the-o-ret-i-cal model that or-ga-nizes in-for-ma-tion rep-re-se
n-ta-tion, in-for-ma-tion
 []


Underfull \hbox (badness 10000) in paragraph at lines 49--50

 []


Underfull \hbox (badness 10000) in paragraph at lines 51--52

 []


Overfull \hbox (9.4958pt too wide) in paragraph at lines 54--55
[]\OT1/cmr/m/n/12 The con-cep-tual data model mainly de-fines what the sys-tem 
con-tains.
 []

[8]
Overfull \hbox (15.69713pt too wide) in paragraph at lines 55--56
[]\OT1/cmr/m/n/12 The log-i-cal data model de-fines how the sys-tem should be i
m-ple-mented
 []


Overfull \hbox (22.87761pt too wide) in paragraph at lines 56--57
[]\OT1/cmr/m/n/12 The phys-i-cal data model de-picts how the sys-tem gonna be i
m-ple-mented
 []


Overfull \hbox (8.49957pt too wide) in paragraph at lines 58--59
\OT1/cmr/m/n/12 en-tirety. Fig-ure [][]2[][] shows the ar-chi-tec-tural de-sign
 of Chit-tagong Uni-ver-sity
 []

<images/archi.pdf, id=262, 1445.4pt x 813.0375pt>
File: images/archi.pdf Graphic file (type pdf)
<use images/archi.pdf>
Package pdftex.def Info: images/archi.pdf  used on input line 62.
(pdftex.def)             Requested size: 390.0pt x 219.37419pt.

Overfull \hbox (20.7027pt too wide) in paragraph at lines 67--68
[]\OT1/cmr/m/n/12 CU-OPAS(Chittagong Uni-ver-sity On-line Pay-ment and At-ten-d
ance Sys-tem)
 []


Overfull \hbox (12.1898pt too wide) in paragraph at lines 67--68
\OT1/cmr/m/n/12 uses request-response pat-terns to com-mu-ni-cate with users. A
ny le-git-i-mate
 []


Overfull \hbox (0.74872pt too wide) in paragraph at lines 67--68
\OT1/cmr/m/n/12 user of this sys-tem may re-quest in-quiries about pay-ment and
 at-ten-dance
 []

[9 <./images/archi.pdf>] Excluding 'comment' comment. [10])
\openout2 = `projectmanagement.aux'.


(projectmanagement.tex
<images/SDLCMethods.pdf, id=298, 1445.4pt x 813.0375pt>
File: images/SDLCMethods.pdf Graphic file (type pdf)
<use images/SDLCMethods.pdf>
Package pdftex.def Info: images/SDLCMethods.pdf  used on input line 6.
(pdftex.def)             Requested size: 390.0pt x 219.37419pt.

Overfull \hbox (1.22742pt too wide) in paragraph at lines 11--13
\OT1/cmr/m/n/12 prod-uct into small in-cre-men-tal builds. These builds are pro
-vided in it-er-a-tions.
 []


Overfull \hbox (24.90152pt too wide) in paragraph at lines 22--24
[]\OT1/cmr/m/n/12 Ref: [www.tutorialspoint.com/sdlc/sdlc[]-ag-ile[]-model.htm] 
Ag-ile model be-lieves
 []


Underfull \hbox (badness 10000) in paragraph at lines 22--24

 []

[11




 <./images/SDLCMethods.pdf>]
<images/agile.pdf, id=311, 1445.4pt x 813.0375pt>
File: images/agile.pdf Graphic file (type pdf)
<use images/agile.pdf>
Package pdftex.def Info: images/agile.pdf  used on input line 31.
(pdftex.def)             Requested size: 390.0pt x 219.37419pt.

Underfull \hbox (badness 10000) in paragraph at lines 35--36

 []


Overfull \hbox (26.4679pt too wide) in paragraph at lines 37--39
[]\OT1/cmr/m/n/12 To com-plete each of these phases or sprints we fol-lowed the
 Scrum method-ol-ogy.
 []


Overfull \hbox (28.7526pt too wide) in paragraph at lines 37--39
\OT1/cmr/m/n/12 Cus-tomer feed-back helps re-veal pos-si-ble prob-lems or chang
e the ini-tial de-vel-op-ment
 []

[12 <./images/agile.pdf>]
Overfull \hbox (5.8709pt too wide) in paragraph at lines 54--55
[]\OT1/cmr/m/n/12 Each scrum team mem-ber has sig-nif-i-cant con-tri-bu-tions t
o var-i-ous as-pects
 []


Underfull \hbox (badness 10000) in paragraph at lines 54--55

 []


Underfull \hbox (badness 10000) in paragraph at lines 58--59

 []

[13]
Overfull \hbox (2.9987pt too wide) in paragraph at lines 86--87
\OT1/cmr/m/n/12 Be-cause we con-tin-u-ously add a new item in the back-log list
 and pri-or-i-tize
 []


Overfull \hbox (4.66534pt too wide) in paragraph at lines 92--95
\OT1/cmr/m/n/12 and Scrum team se-lects the most im-por-tant user sto-ries from
 the prod-uct
 []

[14]
<images/scrum_board.pdf, id=336, 1144.275pt x 737.75626pt>
File: images/scrum_board.pdf Graphic file (type pdf)
<use images/scrum_board.pdf>
Package pdftex.def Info: images/scrum_board.pdf  used on input line 101.
(pdftex.def)             Requested size: 390.0pt x 251.4417pt.
<images/trello.png, id=337, 1594.95876pt x 816.04875pt>
File: images/trello.png Graphic file (type png)
<use images/trello.png>
Package pdftex.def Info: images/trello.png  used on input line 111.
(pdftex.def)             Requested size: 390.0pt x 199.54146pt.
 [15 <./images/scrum_board.pdf>]
Overfull \hbox (14.71802pt too wide) in paragraph at lines 121--123
\OT1/cmr/m/n/12 cus-tomers which in-cludes stu-dents, teach-ers, and other rel-
e-vant au-thor-i-ties
 []


Overfull \hbox (18.06474pt too wide) in paragraph at lines 121--123
\OT1/cmr/m/n/12 If ev-ery thing is pos-i-tive, then the re-spec-tive sprint is 
suc-cess-ful. Oth-er-wise,
 []

[16 <./images/trello.png>] [17])
\openout2 = `requirementgatheringandanalysis.aux'.

 (requirementgatheringandanalysis.tex
Overfull \hbox (3.84314pt too wide) in paragraph at lines 8--9
[]\OT1/cmr/m/n/12 Attendance statis-tics in de-tail should be easy to cal-cu-la
te (From teach-ers
 []


Overfull \hbox (4.23897pt too wide) in paragraph at lines 19--20
[]\OT1/cmr/m/n/12 Financial of-fi-cers will be per-mit-ted to lead look on the 
data of in-di-vid-u-als
 []

[18




]
Overfull \hbox (3.22508pt too wide) in paragraph at lines 38--39
[]\OT1/cmr/m/n/12 User in-ter-face should be sim-ple and un-der-stand-able for 
both ex-pe-ri-enced
 []

<images/context.pdf, id=369, 1445.4pt x 813.0375pt>
File: images/context.pdf Graphic file (type pdf)
<use images/context.pdf>
Package pdftex.def Info: images/context.pdf  used on input line 49.
(pdftex.def)             Requested size: 390.0pt x 219.37419pt.

Underfull \hbox (badness 10000) in paragraph at lines 46--52

 []

[19]
<images/flowchart.pdf, id=374, 1431.42775pt x 2135.09657pt>
File: images/flowchart.pdf Graphic file (type pdf)
<use images/flowchart.pdf>
Package pdftex.def Info: images/flowchart.pdf  used on input line 57.
(pdftex.def)             Requested size: 389.98535pt x 426.7837pt.

Underfull \hbox (badness 10000) in paragraph at lines 53--59

 []

[20 <./images/context.pdf>]
<images/erd.pdf, id=393, 896.38889pt x 1085.97713pt>
File: images/erd.pdf Graphic file (type pdf)
<use images/erd.pdf>
Package pdftex.def Info: images/erd.pdf  used on input line 64.
(pdftex.def)             Requested size: 390.0pt x 472.4791pt.
 [21 <./images/flowchart.pdf>]
Overfull \hbox (18.1953pt too wide) in paragraph at lines 67--68
\OT1/cmr/m/n/12 Stake-hold-ers have an ef-fect on the project, ei-ther di-rectl
y or in-di-rectly. Ac-cord-ing
 []


Overfull \hbox (10.93195pt too wide) in paragraph at lines 67--68
\OT1/cmr/m/n/12 to this clas-si-fi-ca-tion, there are two sorts of stake-hold-e
rs: pri-mary and sec-ondary.
 []


Overfull \hbox (21.311pt too wide) in paragraph at lines 67--68
\OT1/cmr/m/n/12 and ad-min-is-tra-tive au-thor-i-ties, while the sec-ondary sta
ke-hold-ers in-clude stu-dents,
 []

[22 <./images/erd.pdf>] [23])
\openout2 = `conceptualmodelling.aux'.

 (conceptualmodelling.tex
Underfull \hbox (badness 10000) in paragraph at lines 3--5

 []

<images/conceptual.pdf, id=481, 1071.04132pt x 350.26859pt>
File: images/conceptual.pdf Graphic file (type pdf)
<use images/conceptual.pdf>
Package pdftex.def Info: images/conceptual.pdf  used on input line 11.
(pdftex.def)             Requested size: 390.0pt x 127.53964pt.
) [24




 <./images/conceptual.pdf>]
\openout2 = `logicalmodelling.aux'.

 (logicalmodelling.tex
Overfull \hbox (2.04178pt too wide) in paragraph at lines 2--3
\OT1/cmr/m/n/12 model (FDM). At-tributes, pri-mary keys, for-eign keys, re-la-t
ion-ship car-di-nal-ity,
 []


Underfull \hbox (badness 10000) in paragraph at lines 2--3

 []

<images/logical.pdf, id=503, 943.60526pt x 731.8542pt>
File: images/logical.pdf Graphic file (type pdf)
<use images/logical.pdf>
Package pdftex.def Info: images/logical.pdf  used on input line 6.
(pdftex.def)             Requested size: 390.0pt x 302.47427pt.
[25



 <./images/logical.pdf>])
\openout2 = `normalization.aux'.

 (normalization.tex
Overfull \hbox (3.96906pt too wide) in paragraph at lines 2--4
\OT1/cmr/m/n/12 re-duce re-dun-dan-cies. Some of them are dis-cussed in the fol
-low-ing sub-sections. 
 []

[26




]
Overfull \hbox (3.80379pt too wide) in paragraph at lines 30--32
\OT1/cmr/m/n/12 be dealt with in the third nor-mal form. De-pen-den-cies be-twe
en at-tributes
 []


Overfull \hbox (2.52287pt too wide) in paragraph at lines 37--37
[]\OT1/cmr/bx/n/14.4 Normalizing the database into Boyce-Codd Nor-mal
 []


Underfull \hbox (badness 10000) in paragraph at lines 40--42

 []


Underfull \hbox (badness 10000) in paragraph at lines 44--58

 []


Underfull \hbox (badness 10000) in paragraph at lines 61--75

 []

[27]
Underfull \hbox (badness 10000) in paragraph at lines 79--80

 []

LaTeX Font Info:    Trying to load font information for OMS+cmr on input line 8
3.
(C:\Users\HP\AppData\Local\Programs\MiKTeX\tex/latex/base\omscmr.fd
File: omscmr.fd 2019/12/16 v2.5j Standard LaTeX font definitions
)
LaTeX Font Info:    Font shape `OMS/cmr/m/n' in size <12> not available
(Font)              Font shape `OMS/cmsy/m/n' tried instead on input line 83.

Overfull \hbox (2.1765pt too wide) in paragraph at lines 91--92
[]\OT1/cmr/m/n/12 The ta-ble be-low il-lus-trates which func-tional de-pen-den-
cies ad-here to BCNF
 []


Overfull \hbox (16.56541pt too wide) in paragraph at lines 95--101
 [] 
 []


Underfull \hbox (badness 10000) in paragraph at lines 103--104

 []


Underfull \hbox (badness 10000) in paragraph at lines 106--113

 []


Underfull \hbox (badness 10000) in paragraph at lines 114--115

 []


Underfull \hbox (badness 10000) in paragraph at lines 117--128

 []


Underfull \hbox (badness 10000) in paragraph at lines 117--128

 []

[28]
Overfull \hbox (2.1765pt too wide) in paragraph at lines 131--132
[]\OT1/cmr/m/n/12 The ta-ble be-low il-lus-trates which func-tional de-pen-den-
cies ad-here to BCNF
 []


Overfull \hbox (2.1765pt too wide) in paragraph at lines 142--143
[]\OT1/cmr/m/n/12 The ta-ble be-low il-lus-trates which func-tional de-pen-den-
cies ad-here to BCNF
 []


Overfull \hbox (26.51686pt too wide) in paragraph at lines 145--151
 [] 
 []


Underfull \hbox (badness 10000) in paragraph at lines 156--163

 []


Underfull \hbox (badness 10000) in paragraph at lines 165--166

 []


Underfull \hbox (badness 10000) in paragraph at lines 168--178

 []


Overfull \hbox (2.1765pt too wide) in paragraph at lines 180--181
[]\OT1/cmr/m/n/12 The ta-ble be-low il-lus-trates which func-tional de-pen-den-
cies ad-here to BCNF
 []


Overfull \hbox (2.1765pt too wide) in paragraph at lines 192--193
[]\OT1/cmr/m/n/12 The ta-ble be-low il-lus-trates which func-tional de-pen-den-
cies ad-here to BCNF
 []

[29]
Underfull \hbox (badness 10000) in paragraph at lines 203--204

 []


Underfull \hbox (badness 10000) in paragraph at lines 206--212

 []


Underfull \hbox (badness 10000) in paragraph at lines 214--215

 []


Underfull \hbox (badness 10000) in paragraph at lines 217--226

 []


Overfull \hbox (2.1765pt too wide) in paragraph at lines 228--229
[]\OT1/cmr/m/n/12 The ta-ble be-low il-lus-trates which func-tional de-pen-den-
cies ad-here to BCNF
 []


Overfull \hbox (2.1765pt too wide) in paragraph at lines 240--241
[]\OT1/cmr/m/n/12 The ta-ble be-low il-lus-trates which func-tional de-pen-den-
cies ad-here to BCNF
 []


Underfull \hbox (badness 10000) in paragraph at lines 251--252

 []


Underfull \hbox (badness 10000) in paragraph at lines 254--260

 []


Underfull \hbox (badness 10000) in paragraph at lines 262--263

 []


Underfull \hbox (badness 10000) in paragraph at lines 265--274

 []

[30]
Overfull \hbox (2.1765pt too wide) in paragraph at lines 276--277
[]\OT1/cmr/m/n/12 The ta-ble be-low il-lus-trates which func-tional de-pen-den-
cies ad-here to BCNF
 []


Overfull \hbox (2.1765pt too wide) in paragraph at lines 288--289
[]\OT1/cmr/m/n/12 The ta-ble be-low il-lus-trates which func-tional de-pen-den-
cies ad-here to BCNF
 []


Underfull \hbox (badness 10000) in paragraph at lines 299--300

 []


Underfull \hbox (badness 10000) in paragraph at lines 302--308

 []


Underfull \hbox (badness 10000) in paragraph at lines 310--311

 []


Underfull \hbox (badness 10000) in paragraph at lines 313--321

 []


Overfull \hbox (2.1765pt too wide) in paragraph at lines 323--324
[]\OT1/cmr/m/n/12 The ta-ble be-low il-lus-trates which func-tional de-pen-den-
cies ad-here to BCNF
 []


Overfull \hbox (2.1765pt too wide) in paragraph at lines 335--336
[]\OT1/cmr/m/n/12 The ta-ble be-low il-lus-trates which func-tional de-pen-den-
cies ad-here to BCNF
 []

[31]
Underfull \hbox (badness 10000) in paragraph at lines 346--347

 []


Underfull \hbox (badness 10000) in paragraph at lines 349--355

 []


Underfull \hbox (badness 10000) in paragraph at lines 357--358

 []


Underfull \hbox (badness 10000) in paragraph at lines 360--368

 []


Overfull \hbox (2.1765pt too wide) in paragraph at lines 370--371
[]\OT1/cmr/m/n/12 The ta-ble be-low il-lus-trates which func-tional de-pen-den-
cies ad-here to BCNF
 []


Overfull \hbox (2.1765pt too wide) in paragraph at lines 382--383
[]\OT1/cmr/m/n/12 The ta-ble be-low il-lus-trates which func-tional de-pen-den-
cies ad-here to BCNF
 []


Underfull \hbox (badness 10000) in paragraph at lines 396--402

 []


Underfull \hbox (badness 10000) in paragraph at lines 404--405

 []


Underfull \hbox (badness 10000) in paragraph at lines 407--414

 []


Overfull \hbox (2.1765pt too wide) in paragraph at lines 416--417
[]\OT1/cmr/m/n/12 The ta-ble be-low il-lus-trates which func-tional de-pen-den-
cies ad-here to BCNF
 []

[32]
Overfull \hbox (2.1765pt too wide) in paragraph at lines 427--428
[]\OT1/cmr/m/n/12 The ta-ble be-low il-lus-trates which func-tional de-pen-den-
cies ad-here to BCNF
 []


Underfull \hbox (badness 10000) in paragraph at lines 441--448

 []


Underfull \hbox (badness 10000) in paragraph at lines 450--451

 []


Underfull \hbox (badness 10000) in paragraph at lines 453--459

 []


Underfull \hbox (badness 10000) in paragraph at lines 453--459

 []


Overfull \hbox (2.1765pt too wide) in paragraph at lines 461--462
[]\OT1/cmr/m/n/12 The ta-ble be-low il-lus-trates which func-tional de-pen-den-
cies ad-here to BCNF
 []


Overfull \hbox (2.1765pt too wide) in paragraph at lines 472--473
[]\OT1/cmr/m/n/12 The ta-ble be-low il-lus-trates which func-tional de-pen-den-
cies ad-here to BCNF
 []


Underfull \hbox (badness 10000) in paragraph at lines 484--487

 []


Underfull \hbox (badness 10000) in paragraph at lines 484--487

 []


Underfull \hbox (badness 10000) in paragraph at lines 484--487

 []

[33]
Underfull \hbox (badness 10000) in paragraph at lines 497--507

 []


Underfull \hbox (badness 10000) in paragraph at lines 514--517

 []


Underfull \hbox (badness 10000) in paragraph at lines 514--517

 []


Underfull \hbox (badness 10000) in paragraph at lines 518--522

 []


Underfull \hbox (badness 10000) in paragraph at lines 518--522

 []


Underfull \hbox (badness 10000) in paragraph at lines 523--531

 []


Underfull \hbox (badness 10000) in paragraph at lines 523--531

 []


Underfull \hbox (badness 10000) in paragraph at lines 532--537

 []


Underfull \hbox (badness 10000) in paragraph at lines 532--537

 []


Underfull \hbox (badness 10000) in paragraph at lines 538--547

 []


Underfull \hbox (badness 10000) in paragraph at lines 538--547

 []


Underfull \hbox (badness 10000) in paragraph at lines 548--556

 []


Underfull \hbox (badness 10000) in paragraph at lines 548--556

 []


Underfull \hbox (badness 10000) in paragraph at lines 557--564

 []


Underfull \hbox (badness 10000) in paragraph at lines 557--564

 []


Underfull \hbox (badness 10000) in paragraph at lines 565--572

 []


Underfull \hbox (badness 10000) in paragraph at lines 565--572

 []

[34]
Underfull \hbox (badness 10000) in paragraph at lines 573--580

 []


Underfull \hbox (badness 10000) in paragraph at lines 573--580

 []


Overfull \hbox (30.28453pt too wide) in paragraph at lines 584--585
[]\OT1/cmr/m/n/12 The de-pen-den-cies are pre-served and the re-la-tion-ship mo
del sat-is-fies Boyce-Codd
 []


Underfull \hbox (badness 10000) in paragraph at lines 584--585

 []

[35])
\openout2 = `physical.aux'.

 (physical.tex
Underfull \hbox (badness 10000) in paragraph at lines 2--4

 []

<images/physical.pdf, id=574, 962.63638pt x 790.87468pt>
File: images/physical.pdf Graphic file (type pdf)
<use images/physical.pdf>
Package pdftex.def Info: images/physical.pdf  used on input line 7.
(pdftex.def)             Requested size: 390.0pt x 320.4111pt.
[36




 <./images/physical.pdf>] [37])
\openout2 = `systemarchitecture.aux'.

 (systemarchitecture.tex [38




]
File: images/flowchart.pdf Graphic file (type pdf)
<use images/flowchart.pdf>
Package pdftex.def Info: images/flowchart.pdf  used on input line 17.
(pdftex.def)             Requested size: 389.98535pt x 426.7837pt.
 [39

])
\openout2 = `implementation.aux'.


(implementation.tex
<images/github.png, id=612, 1896.08376pt x 898.35625pt>
File: images/github.png Graphic file (type png)
<use images/github.png>
Package pdftex.def Info: images/github.png  used on input line 4.
(pdftex.def)             Requested size: 390.0pt x 184.78107pt.

Overfull \hbox (0.90984pt too wide) in paragraph at lines 9--10
\OT1/cmr/m/n/12 frame-work named "Re-act", in-clud-ing var-i-ous li-braries lik
e 'mo-ment js', 'antd',
 []

<images/home.png, id=613, 1926.19624pt x 893.3375pt>
File: images/home.png Graphic file (type png)
<use images/home.png>
Package pdftex.def Info: images/home.png  used on input line 12.
(pdftex.def)             Requested size: 390.0pt x 180.87259pt.
<images/stu_att.png, id=614, 1926.19624pt x 831.105pt>
File: images/stu_att.png Graphic file (type png)
<use images/stu_att.png>
Package pdftex.def Info: images/stu_att.png  used on input line 16.
(pdftex.def)             Requested size: 390.0pt x 168.27248pt.
[40




 <./images/github.png>]
<images/payhistory.png, id=619, 1925.1925pt x 901.3675pt>
File: images/payhistory.png Graphic file (type png)
<use images/payhistory.png>
Package pdftex.def Info: images/payhistory.png  used on input line 20.
(pdftex.def)             Requested size: 390.0pt x 182.59468pt.
<images/payslip.png, id=620, 697.60625pt x 784.9325pt>
File: images/payslip.png Graphic file (type png)
<use images/payslip.png>
Package pdftex.def Info: images/payslip.png  used on input line 24.
(pdftex.def)             Requested size: 390.0pt x 438.81662pt.
 [41 <./images/home.png> <./images/stu_att.png>]
<images/Payment-Brands.jpg, id=626, 1413.28pt x 796.9775pt>
File: images/Payment-Brands.jpg Graphic file (type jpg)
<use images/Payment-Brands.jpg>
Package pdftex.def Info: images/Payment-Brands.jpg  used on input line 28.
(pdftex.def)             Requested size: 390.0pt x 219.92953pt.

[42 <./images/payhistory.png>]
<images/sslcommerz-card-entry.png, id=632, 693.59125pt x 693.59125pt>
File: images/sslcommerz-card-entry.png Graphic file (type png)
<use images/sslcommerz-card-entry.png>
Package pdftex.def Info: images/sslcommerz-card-entry.png  used on input line 3
2.
(pdftex.def)             Requested size: 390.0pt x 390.00653pt.
 [43 <./images/payslip.png>]
<images/teacher_att.png, id=638, 1926.19624pt x 896.34875pt>
File: images/teacher_att.png Graphic file (type png)
<use images/teacher_att.png>
Package pdftex.def Info: images/teacher_att.png  used on input line 36.
(pdftex.def)             Requested size: 390.0pt x 181.48227pt.
 [44 <./images/Payment-Brands.jpg>]
<images/updateUser.png, id=643, 1922.18124pt x 903.375pt>
File: images/updateUser.png Graphic file (type png)
<use images/updateUser.png>
Package pdftex.def Info: images/updateUser.png  used on input line 40.
(pdftex.def)             Requested size: 390.0pt x 183.29083pt.
 [45 <./images/sslcommerz-card-entry.png>]
(C:\Users\HP\AppData\Local\Programs\MiKTeX\tex/latex/listings\lstlang1.sty
File: lstlang1.sty 2020/03/24 1.8d listings language file
)
[46 <./images/teacher_att.png> <./images/updateUser.png>] [47]
<images/backend1.png, id=700, 1927.2pt x 1084.05pt>
File: images/backend1.png Graphic file (type png)
<use images/backend1.png>
Package pdftex.def Info: images/backend1.png  used on input line 176.
(pdftex.def)             Requested size: 390.0pt x 219.37006pt.
 [48]
<images/backend2.png, id=735, 1927.2pt x 1084.05pt>
File: images/backend2.png Graphic file (type png)
<use images/backend2.png>
Package pdftex.def Info: images/backend2.png  used on input line 180.
(pdftex.def)             Requested size: 390.0pt x 219.37006pt.
 [49 <./images/backend1.png> <./images/backend2.png>])
\openout2 = `validation.aux'.

 (validation.tex
Overfull \hbox (4.66534pt too wide) in paragraph at lines 22--25
\OT1/cmr/m/n/12 ad-min-is-tra-tions can per-form tasks from any-where just us-i
ng the in-ter-net. 
 []

[50




]
Overfull \hbox (12.36388pt too wide) in paragraph at lines 29--31
\OT1/cmr/m/n/12 In cur-rent sys-tem, ad-min-is-tra-tions need to cal-cu-late se
v-eral data man-u-ally
 []


Overfull \hbox (3.88202pt too wide) in paragraph at lines 29--31
\OT1/cmr/m/n/12 sys-tem, cal-cu-la-tions can go wrong as it re-quires more peo-
ple to com-plete. 
 []

[51])
\openout2 = `softwaredeployment.aux'.

 (softwaredeployment.tex [52




] [53])
\openout2 = `conclusionandfuturework.aux'.

 (conclusionandfuturework.tex
Overfull \hbox (23.66098pt too wide) in paragraph at lines 2--3
\OT1/cmr/m/n/12 Com-pared with tra-di-tional pay-ment meth-ods such as pay-by-c
heck, pay-by-phone,
 []


Overfull \hbox (6.38431pt too wide) in paragraph at lines 2--3
\OT1/cmr/m/n/12 con-ve-nient, and flex-i-ble. The sys-tem not only of-fers thes
e men-tioned prop-er-ties
 []


Overfull \hbox (23.79153pt too wide) in paragraph at lines 4--5
\OT1/cmr/m/n/12 sys-tem en-sures the stu-dents' grat-i-fi-ca-tion and en-sures 
the lib-erty of ad-min-is-tra-tion
 []


Overfull \hbox (28.4438pt too wide) in paragraph at lines 4--5
\OT1/cmr/m/n/12 they can save even more time for teach-ing, as seen in the stat
is-tics. Ad-min-is-tra-tions
 []


Overfull \hbox (19.38326pt too wide) in paragraph at lines 6--7
[]\OT1/cmr/m/n/12 Despite be-ing ef-fi-cient, re-li-able, flex-i-ble, and se-cu
red, we found two lim-i-ta-tions
 []

[54




]
Overfull \hbox (13.3472pt too wide) in paragraph at lines 8--9
\OT1/cmr/m/n/12 and teach-ers on test-ing pur-poses, they ex-pressed their sat-
is-fac-tion and sug-gested
 []


Overfull \hbox (3.68619pt too wide) in paragraph at lines 8--9
\OT1/cmr/m/n/12 man-age-ment sys-tem into it to make all the ad-min-is-tra-tive
 op-er-a-tions pa-per-less
 []

[55])

LaTeX Warning: Citation `kleinberg2006algorithm' on page 56 undefined on input 
line 148.

(bibliography.tex)
No file main.bbl.
[56



] (main.aux (abstract.aux) (Introduction.aux) (projectmanagement.aux)
(requirementgatheringandanalysis.aux) (conceptualmodelling.aux)
(logicalmodelling.aux) (normalization.aux) (physical.aux)
(systemarchitecture.aux) (implementation.aux) (validation.aux)
(softwaredeployment.aux) (conclusionandfuturework.aux))

LaTeX Warning: There were undefined references.


LaTeX Warning: There were multiply-defined labels.

Package rerunfilecheck Info: File `main.out' has not changed.
(rerunfilecheck)             Checksum: D4E4C9F1BCEE79DAC0CBE39DE778D4AF;4031.
 ) 
Here is how much of TeX's memory you used:
 25282 strings out of 478659
 474803 string characters out of 2847341
 992366 words of memory out of 3000000
 42653 multiletter control sequences out of 15000+600000
 414740 words of font info for 66 fonts, out of 8000000 for 9000
 1141 hyphenation exceptions out of 8191
 100i,10n,104p,1632b,2132s stack positions out of 5000i,500n,10000p,200000b,80000s

pdfTeX warning (dest): name{Hfootnote.2} has been referenced but does not exist
, replaced by a fixed one


pdfTeX warning (dest): name{Hfootnote.1} has been referenced but does not exist
, replaced by a fixed one

 <C:\Users\HP\AppData\Local\MiKTeX\fonts/pk/ljfour/jknappen/ec/dpi600\tcti1200.
pk> <C:\Users\HP\AppData\Local\MiKTeX\fonts/pk/ljfour/jknappen/ec/dpi600\tcrm12
00.pk><C:/Users/HP/AppData/Local/Programs/MiKTeX/fonts/type1/public/amsfonts/cm
/cmbx10.pfb><C:/Users/HP/AppData/Local/Programs/MiKTeX/fonts/type1/public/amsfo
nts/cm/cmbx12.pfb><C:/Users/HP/AppData/Local/Programs/MiKTeX/fonts/type1/public
/amsfonts/cm/cmbx8.pfb><C:/Users/HP/AppData/Local/Programs/MiKTeX/fonts/type1/p
ublic/amsfonts/cm/cmbxti10.pfb><C:/Users/HP/AppData/Local/Programs/MiKTeX/fonts
/type1/public/amsfonts/cm/cmr10.pfb><C:/Users/HP/AppData/Local/Programs/MiKTeX/
fonts/type1/public/amsfonts/cm/cmr12.pfb><C:/Users/HP/AppData/Local/Programs/Mi
KTeX/fonts/type1/public/amsfonts/cm/cmr17.pfb><C:/Users/HP/AppData/Local/Progra
ms/MiKTeX/fonts/type1/public/amsfonts/cm/cmr6.pfb><C:/Users/HP/AppData/Local/Pr
ograms/MiKTeX/fonts/type1/public/amsfonts/cm/cmr7.pfb><C:/Users/HP/AppData/Loca
l/Programs/MiKTeX/fonts/type1/public/amsfonts/cm/cmr8.pfb><C:/Users/HP/AppData/
Local/Programs/MiKTeX/fonts/type1/public/amsfonts/cm/cmsy10.pfb><C:/Users/HP/Ap
pData/Local/Programs/MiKTeX/fonts/type1/public/amsfonts/cm/cmti12.pfb><C:/Users
/HP/AppData/Local/Programs/MiKTeX/fonts/type1/public/amsfonts/cm/cmtt12.pfb>
Output written on main.pdf (57 pages, 3954174 bytes).
PDF statistics:
 879 PDF objects out of 1000 (max. 8388607)
 201 named destinations out of 1000 (max. 500000)
 349 words of extra memory for PDF output out of 10000 (max. 10000000)

